{
  "stats": {
    "suites": 1,
    "tests": 5,
    "passes": 5,
    "pending": 0,
    "failures": 0,
    "start": "2024-04-10T14:42:28.031Z",
    "end": "2024-04-10T14:43:29.126Z",
    "duration": 61095,
    "testsRegistered": 5,
    "passPercent": 100,
    "pendingPercent": 0,
    "other": 0,
    "hasOther": false,
    "skipped": 0,
    "hasSkipped": false
  },
  "results": [
    {
      "uuid": "da42c19c-648b-4ccd-9afc-97ef03525f89",
      "title": "",
      "fullFile": "C:\\Users\\MINERD.DESKTOP-FH8I2V4\\Desktop\\Nueva carpeta\\test\\login.spec.js",
      "file": "\\test\\login.spec.js",
      "beforeHooks": [],
      "afterHooks": [],
      "tests": [],
      "suites": [
        {
          "uuid": "55ebd581-fb16-4a00-a897-b7b3687e1ba7",
          "title": "Pruebas de Automatización selenium",
          "fullFile": "C:\\Users\\MINERD.DESKTOP-FH8I2V4\\Desktop\\Nueva carpeta\\test\\login.spec.js",
          "file": "\\test\\login.spec.js",
          "beforeHooks": [
            {
              "title": "\"before all\" hook in \"Pruebas de Automatización selenium\"",
              "fullTitle": "Pruebas de Automatización selenium \"before all\" hook in \"Pruebas de Automatización selenium\"",
              "timedOut": null,
              "duration": 951,
              "state": null,
              "speed": null,
              "pass": false,
              "fail": false,
              "pending": null,
              "context": null,
              "code": "driver = new Builder().forBrowser('MicrosoftEdge').build();",
              "err": {},
              "uuid": "f899cb60-b0cc-4012-8492-35be4bbf3d14",
              "parentUUID": null,
              "isHook": true,
              "skipped": false
            }
          ],
          "afterHooks": [
            {
              "title": "\"after all\" hook in \"Pruebas de Automatización selenium\"",
              "fullTitle": "Pruebas de Automatización selenium \"after all\" hook in \"Pruebas de Automatización selenium\"",
              "timedOut": null,
              "duration": 5855,
              "state": null,
              "speed": null,
              "pass": false,
              "fail": false,
              "pending": null,
              "context": null,
              "code": "await driver.sleep(5000);\nawait driver.quit();",
              "err": {},
              "uuid": "6e198cee-94cf-4414-8197-cdfa421910b3",
              "parentUUID": null,
              "isHook": true,
              "skipped": false
            }
          ],
          "tests": [
            {
              "title": "Prueba 1: Registro de Usuario",
              "fullTitle": "Pruebas de Automatización selenium Prueba 1: Registro de Usuario",
              "timedOut": null,
              "duration": 20690,
              "state": "passed",
              "speed": "slow",
              "pass": true,
              "fail": false,
              "pending": false,
              "context": null,
              "code": "await driver.get('https://magento.softwaretestingboard.com/');\n const finalScreenshot1 = await driver.takeScreenshot();\n    fs.writeFileSync('img/Pagina_inicio.png', finalScreenshot1, 'base64');\nawait driver.findElement(By.className('authorization-link')).click();\nawait driver.findElement(By.className('action create primary')).click();\nawait driver.findElement(By.id('firstname')).sendKeys('Denzel');\nawait driver.findElement(By.id('lastname')).sendKeys('Gomez');\nawait driver.findElement(By.id('email_address')).sendKeys('denzelmdeo@gmail.com');\nawait driver.findElement(By.id('password')).sendKeys('2024Itla2024');\nawait driver.findElement(By.name('password_confirmation')).sendKeys('2024Itla2024');\n const finalScreenshot2 = await driver.takeScreenshot();\n    fs.writeFileSync('img/Formulario_registro.png', finalScreenshot2, 'base64');\nawait driver.findElement(By.className('action submit primary')).click();",
              "err": {},
              "uuid": "051d6f7b-c982-4b60-a7bc-7b87f362fe84",
              "parentUUID": null,
              "isHook": false,
              "skipped": false
            },
            {
              "title": "Prueba 2: Cambio de correo electronico",
              "fullTitle": "Pruebas de Automatización selenium Prueba 2: Cambio de correo electronico",
              "timedOut": null,
              "duration": 7896,
              "state": "passed",
              "speed": "slow",
              "pass": true,
              "fail": false,
              "pending": false,
              "context": null,
              "code": "await driver.findElement(By.className('action edit')).click();\nawait driver.findElement(By.id('change-email')).click();\nconst emailInput = await driver.findElement(By.id('email'));\nawait emailInput.clear();\nawait emailInput.sendKeys('denzelmdeo1@gmail.com');\nawait driver.findElement(By.id('current-password')).sendKeys('2024Itla2024');\nconst finalScreenshot3 = await driver.takeScreenshot();\n    fs.writeFileSync('img/Cambio_correo.png', finalScreenshot3, 'base64');\nawait driver.findElement(By.className('action save primary')).click();",
              "err": {},
              "uuid": "1de74424-cedc-4753-abcc-af8b770194db",
              "parentUUID": null,
              "isHook": false,
              "skipped": false
            },
            {
              "title": "Prueba 3: Inicio de Sesión",
              "fullTitle": "Pruebas de Automatización selenium Prueba 3: Inicio de Sesión",
              "timedOut": null,
              "duration": 5923,
              "state": "passed",
              "speed": "slow",
              "pass": true,
              "fail": false,
              "pending": false,
              "context": null,
              "code": "await driver.sleep(3000);\nawait driver.findElement(By.id('email')).sendKeys('denzelmdeo1@gmail.com');\nawait driver.findElement(By.id('pass')).sendKeys('2024Itla2024');\nconst finalScreenshot7 = await driver.takeScreenshot();\nfs.writeFileSync('img/Inicio_sesion.png', finalScreenshot7, 'base64');\nawait driver.findElement(By.id('send2')).click();",
              "err": {},
              "uuid": "d83c02ce-8465-4aff-9607-8c0a7a061da8",
              "parentUUID": null,
              "isHook": false,
              "skipped": false
            },
            {
              "title": "Prueba 4: Cambio de contraseña",
              "fullTitle": "Pruebas de Automatización selenium Prueba 4: Cambio de contraseña",
              "timedOut": null,
              "duration": 7390,
              "state": "passed",
              "speed": "slow",
              "pass": true,
              "fail": false,
              "pending": false,
              "context": null,
              "code": "await driver.findElement(By.className('action change-password')).click();\nawait driver.findElement(By.name('current_password')).sendKeys('2024Itla2024');\nawait driver.findElement(By.id('password')).sendKeys('2024Itla2025');\nawait driver.findElement(By.id('password-confirmation')).sendKeys('2024Itla2025');\n const finalScreenshot4 = await driver.takeScreenshot();\nfs.writeFileSync('img/Cambio_contraseña.png', finalScreenshot4, 'base64');\nawait driver.findElement(By.className('action save primary')).click();",
              "err": {},
              "uuid": "e9429a99-379a-4b57-b379-c7957c9a86a4",
              "parentUUID": null,
              "isHook": false,
              "skipped": false
            },
            {
              "title": "Prueba 5: Inicio y cierre de Sesión",
              "fullTitle": "Pruebas de Automatización selenium Prueba 5: Inicio y cierre de Sesión",
              "timedOut": null,
              "duration": 11434,
              "state": "passed",
              "speed": "slow",
              "pass": true,
              "fail": false,
              "pending": false,
              "context": null,
              "code": "await driver.sleep(3000);\nawait driver.findElement(By.id('email')).sendKeys('denzelmdeo1@gmail.com');\nawait driver.findElement(By.id('pass')).sendKeys('2024Itla2025');\nawait driver.findElement(By.id('send2')).click();\nawait driver.sleep(3000);\nawait driver.findElement(By.className('action switch')).click();\nconst finalScreenshot5 = await driver.takeScreenshot();\nfs.writeFileSync('img/Cierre_sesion.png', finalScreenshot5, 'base64');\nawait driver.findElement(By.className('authorization-link')).click();\nconst finalScreenshot6 = await driver.takeScreenshot();\nfs.writeFileSync('img/Sesion_cerrada.png', finalScreenshot6, 'base64');",
              "err": {},
              "uuid": "a00cf0bc-65c1-4e94-8806-9d8cedf663a8",
              "parentUUID": null,
              "isHook": false,
              "skipped": false
            }
          ],
          "suites": [],
          "passes": [
            "051d6f7b-c982-4b60-a7bc-7b87f362fe84",
            "1de74424-cedc-4753-abcc-af8b770194db",
            "d83c02ce-8465-4aff-9607-8c0a7a061da8",
            "e9429a99-379a-4b57-b379-c7957c9a86a4",
            "a00cf0bc-65c1-4e94-8806-9d8cedf663a8"
          ],
          "failures": [],
          "pending": [],
          "skipped": [],
          "duration": 53333,
          "root": false,
          "rootEmpty": false,
          "_timeout": null
        }
      ],
      "passes": [],
      "failures": [],
      "pending": [],
      "skipped": [],
      "duration": 0,
      "root": true,
      "rootEmpty": true,
      "_timeout": 0
    }
  ],
  "meta": {
    "mocha": {
      "version": "10.2.0"
    },
    "mochawesome": {
      "options": {
        "quiet": false,
        "reportFilename": "mochawesome",
        "saveHtml": true,
        "saveJson": true,
        "consoleReporter": "spec",
        "useInlineDiffs": false,
        "code": true
      },
      "version": "7.1.3"
    },
    "marge": {
      "options": null,
      "version": "6.2.0"
    }
  }
}